[2013-04-19 20:55:27] request.ERROR: Uncaught PHP Exception Symfony\Component\HttpKernel\Exception\NotFoundHttpException: "No route found for "GET /bundles/framework/images/input_bg.gif"" at /home/robin/dev/php/todo/vendor/symfony/symfony/src/Symfony/Component/HttpKernel/EventListener/RouterListener.php line 94 [] []
[2013-04-19 20:58:01] request.ERROR: Uncaught PHP Exception Symfony\Component\HttpKernel\Exception\NotFoundHttpException: "No route found for "GET /bundles/framework/images/input_bg.gif"" at /home/robin/dev/php/todo/vendor/symfony/symfony/src/Symfony/Component/HttpKernel/EventListener/RouterListener.php line 94 [] []
[2013-04-19 21:04:30] request.ERROR: Uncaught PHP Exception Symfony\Component\HttpKernel\Exception\NotFoundHttpException: "No route found for "GET /"" at /home/robin/dev/php/todo/app/cache/prod/classes.php line 3609 [] []
[2013-04-19 21:07:12] request.ERROR: Uncaught PHP Exception Symfony\Component\HttpKernel\Exception\NotFoundHttpException: "No route found for "GET /"" at /home/robin/dev/php/todo/app/cache/prod/classes.php line 3609 [] []
[2013-04-19 21:07:13] request.ERROR: Uncaught PHP Exception Symfony\Component\HttpKernel\Exception\NotFoundHttpException: "No route found for "GET /"" at /home/robin/dev/php/todo/app/cache/prod/classes.php line 3609 [] []
[2013-04-19 21:07:14] request.ERROR: Uncaught PHP Exception Symfony\Component\HttpKernel\Exception\NotFoundHttpException: "No route found for "GET /"" at /home/robin/dev/php/todo/app/cache/prod/classes.php line 3609 [] []
[2013-04-19 21:07:15] request.ERROR: Uncaught PHP Exception Symfony\Component\HttpKernel\Exception\NotFoundHttpException: "No route found for "GET /"" at /home/robin/dev/php/todo/app/cache/prod/classes.php line 3609 [] []
[2013-04-19 21:08:25] request.ERROR: Uncaught PHP Exception Symfony\Component\HttpKernel\Exception\NotFoundHttpException: "No route found for "GET /"" at /home/robin/dev/php/todo/app/cache/prod/classes.php line 3609 [] []
[2013-04-19 21:08:27] request.ERROR: Uncaught PHP Exception Symfony\Component\HttpKernel\Exception\NotFoundHttpException: "No route found for "GET /"" at /home/robin/dev/php/todo/app/cache/prod/classes.php line 3609 [] []
[2013-04-19 21:08:28] request.ERROR: Uncaught PHP Exception Symfony\Component\HttpKernel\Exception\NotFoundHttpException: "No route found for "GET /"" at /home/robin/dev/php/todo/app/cache/prod/classes.php line 3609 [] []
[2013-04-19 21:11:33] request.ERROR: Uncaught PHP Exception Symfony\Component\HttpKernel\Exception\NotFoundHttpException: "No route found for "GET /var/www/todo/web/index.htm"" at /home/robin/dev/php/todo/app/cache/prod/classes.php line 3609 [] []
[2013-04-19 21:11:43] request.ERROR: Uncaught PHP Exception Symfony\Component\HttpKernel\Exception\NotFoundHttpException: "No route found for "GET /var/www/todo/web/index.htm"" at /home/robin/dev/php/todo/app/cache/prod/classes.php line 3609 [] []
[2013-04-21 20:43:20] request.ERROR: Uncaught PHP Exception Symfony\Component\HttpKernel\Exception\NotFoundHttpException: "No route found for "GET /todoLists/1"" at /home/robin/dev/php/todo/app/cache/prod/classes.php line 3609 [] []
[2013-04-21 20:43:33] request.ERROR: Uncaught PHP Exception Symfony\Component\HttpKernel\Exception\NotFoundHttpException: "No route found for "GET /todoLists"" at /home/robin/dev/php/todo/app/cache/prod/classes.php line 3609 [] []
[2013-04-23 23:19:44] request.ERROR: Uncaught PHP Exception Symfony\Component\HttpKernel\Exception\NotFoundHttpException: "No route found for "POST /foo"" at /home/robin/dev/php/todo/app/cache/prod/classes.php line 3609 [] []
[2013-04-23 23:20:25] request.ERROR: Uncaught PHP Exception Symfony\Component\HttpKernel\Exception\NotFoundHttpException: "No route found for "POST /todoItems/1/items"" at /home/robin/dev/php/todo/app/cache/prod/classes.php line 3609 [] []
[2013-04-23 23:42:56] request.ERROR: Uncaught PHP Exception Symfony\Component\HttpKernel\Exception\NotFoundHttpException: "No route found for "POST /todoItems/1/items"" at /home/robin/dev/php/todo/app/cache/prod/classes.php line 3609 [] []
[2013-04-23 23:42:58] request.ERROR: Uncaught PHP Exception Symfony\Component\HttpKernel\Exception\NotFoundHttpException: "No route found for "POST /todoItems/1/items"" at /home/robin/dev/php/todo/app/cache/prod/classes.php line 3609 [] []
[2013-05-12 22:07:29] request.ERROR: Uncaught PHP Exception Symfony\Component\HttpKernel\Exception\NotFoundHttpException: "No route found for "GET /..images/paper.png"" at /home/robin/dev/php/todo/app/cache/prod/classes.php line 3609 [] []
[2013-05-12 22:07:29] request.ERROR: Uncaught PHP Exception Symfony\Component\HttpKernel\Exception\NotFoundHttpException: "No route found for "GET /..images/paper.png"" at /home/robin/dev/php/todo/app/cache/prod/classes.php line 3609 [] []
[2013-05-12 22:07:30] request.ERROR: Uncaught PHP Exception Symfony\Component\HttpKernel\Exception\NotFoundHttpException: "No route found for "GET /..images/paper.png"" at /home/robin/dev/php/todo/app/cache/prod/classes.php line 3609 [] []
[2013-05-12 22:07:30] request.ERROR: Uncaught PHP Exception Symfony\Component\HttpKernel\Exception\NotFoundHttpException: "No route found for "GET /..images/paper.png"" at /home/robin/dev/php/todo/app/cache/prod/classes.php line 3609 [] []
[2013-05-12 22:07:58] request.ERROR: Uncaught PHP Exception Symfony\Component\HttpKernel\Exception\NotFoundHttpException: "No route found for "GET /..images/paper.png"" at /home/robin/dev/php/todo/app/cache/prod/classes.php line 3609 [] []
[2013-05-12 22:07:59] request.ERROR: Uncaught PHP Exception Symfony\Component\HttpKernel\Exception\NotFoundHttpException: "No route found for "GET /.images/paper.png"" at /home/robin/dev/php/todo/app/cache/prod/classes.php line 3609 [] []
[2013-05-12 22:07:59] request.ERROR: Uncaught PHP Exception Symfony\Component\HttpKernel\Exception\NotFoundHttpException: "No route found for "GET /images/paper.png"" at /home/robin/dev/php/todo/app/cache/prod/classes.php line 3609 [] []
[2013-05-12 22:08:00] request.ERROR: Uncaught PHP Exception Symfony\Component\HttpKernel\Exception\NotFoundHttpException: "No route found for "GET /images/paper.png"" at /home/robin/dev/php/todo/app/cache/prod/classes.php line 3609 [] []
[2013-05-12 22:08:00] request.ERROR: Uncaught PHP Exception Symfony\Component\HttpKernel\Exception\NotFoundHttpException: "No route found for "GET /images/paper.png"" at /home/robin/dev/php/todo/app/cache/prod/classes.php line 3609 [] []
[2013-05-12 22:08:00] request.ERROR: Uncaught PHP Exception Symfony\Component\HttpKernel\Exception\NotFoundHttpException: "No route found for "GET /images/paper.png"" at /home/robin/dev/php/todo/app/cache/prod/classes.php line 3609 [] []
[2013-05-12 22:08:01] request.ERROR: Uncaught PHP Exception Symfony\Component\HttpKernel\Exception\NotFoundHttpException: "No route found for "GET /images/paper.png"" at /home/robin/dev/php/todo/app/cache/prod/classes.php line 3609 [] []
[2013-05-12 22:08:01] request.ERROR: Uncaught PHP Exception Symfony\Component\HttpKernel\Exception\NotFoundHttpException: "No route found for "GET /images/paper.png"" at /home/robin/dev/php/todo/app/cache/prod/classes.php line 3609 [] []
[2013-05-12 22:08:01] request.ERROR: Uncaught PHP Exception Symfony\Component\HttpKernel\Exception\NotFoundHttpException: "No route found for "GET /images/paper.png"" at /home/robin/dev/php/todo/app/cache/prod/classes.php line 3609 [] []
[2013-05-12 22:08:01] request.ERROR: Uncaught PHP Exception Symfony\Component\HttpKernel\Exception\NotFoundHttpException: "No route found for "GET /images/paper.png"" at /home/robin/dev/php/todo/app/cache/prod/classes.php line 3609 [] []
[2013-05-12 22:08:02] request.ERROR: Uncaught PHP Exception Symfony\Component\HttpKernel\Exception\NotFoundHttpException: "No route found for "GET /images/paper.png"" at /home/robin/dev/php/todo/app/cache/prod/classes.php line 3609 [] []
[2013-05-12 22:08:06] request.ERROR: Uncaught PHP Exception Symfony\Component\HttpKernel\Exception\NotFoundHttpException: "No route found for "GET /images/paper.png"" at /home/robin/dev/php/todo/app/cache/prod/classes.php line 3609 [] []
[2013-05-12 22:08:38] request.ERROR: Uncaught PHP Exception Symfony\Component\HttpKernel\Exception\NotFoundHttpException: "No route found for "GET /images/paper.png"" at /home/robin/dev/php/todo/app/cache/prod/classes.php line 3609 [] []
[2013-05-12 22:18:01] request.ERROR: Uncaught PHP Exception Symfony\Component\HttpKernel\Exception\NotFoundHttpException: "No route found for "GET /images/ripped-paper-.png"" at /home/robin/dev/php/todo/app/cache/prod/classes.php line 3609 [] []
[2013-05-12 22:18:02] request.ERROR: Uncaught PHP Exception Symfony\Component\HttpKernel\Exception\NotFoundHttpException: "No route found for "GET /images/ripped-paper-s.png"" at /home/robin/dev/php/todo/app/cache/prod/classes.php line 3609 [] []
[2013-05-12 22:18:02] request.ERROR: Uncaught PHP Exception Symfony\Component\HttpKernel\Exception\NotFoundHttpException: "No route found for "GET /images/ripped-paper-sh.png"" at /home/robin/dev/php/todo/app/cache/prod/classes.php line 3609 [] []
